<?xml version="1.0" encoding="UTF-8"?>
<!-- Generated by org.testng.reporters.JUnitReportReporter -->
<testsuite hostname="LAPTOP-TF4OB150" failures="0" tests="1" name="com.intBanking.testCases.TC_AddCustomerTest_003" time="18.013" errors="0" timestamp="07 Dec 2021 11:21:19 GMT" skipped="0">
  <testcase classname="com.intBanking.testCases.TC_AddCustomerTest_003" name="addNewCustomer" time="18.013"/>
</testsuite> <!-- com.intBanking.testCases.TC_AddCustomerTest_003 -->
